{"/Users/nicktaras/Documents/github/docker-puppeteer/src/domainExtList.js": {"path":"/Users/nicktaras/Documents/github/docker-puppeteer/src/domainExtList.js","statementMap":{"0":{"start":{"line":1,"column":0},"end":{"line":512,"column":2}}},"fnMap":{},"branchMap":{},"s":{"0":2},"f":{},"b":{},"_coverageSchema":"1a1c01bbd47fc00a2c39e90264f33305004495a9","hash":"7f6dd796b97066cb90afa916f2476cd1dbeef699"}
,"/Users/nicktaras/Documents/github/docker-puppeteer/src/scraperUtils.js": {"path":"/Users/nicktaras/Documents/github/docker-puppeteer/src/scraperUtils.js","statementMap":{"0":{"start":{"line":1,"column":22},"end":{"line":1,"column":48}},"1":{"start":{"line":3,"column":21},"end":{"line":52,"column":1}},"2":{"start":{"line":5,"column":4},"end":{"line":5,"column":44}},"3":{"start":{"line":8,"column":4},"end":{"line":8,"column":60}},"4":{"start":{"line":8,"column":32},"end":{"line":8,"column":60}},"5":{"start":{"line":9,"column":4},"end":{"line":9,"column":15}},"6":{"start":{"line":12,"column":4},"end":{"line":12,"column":67}},"7":{"start":{"line":12,"column":16},"end":{"line":12,"column":67}},"8":{"start":{"line":13,"column":19},"end":{"line":13,"column":65}},"9":{"start":{"line":14,"column":4},"end":{"line":14,"column":89}},"10":{"start":{"line":17,"column":4},"end":{"line":17,"column":49}},"11":{"start":{"line":17,"column":32},"end":{"line":17,"column":49}},"12":{"start":{"line":18,"column":4},"end":{"line":18,"column":15}},"13":{"start":{"line":21,"column":4},"end":{"line":21,"column":62}},"14":{"start":{"line":21,"column":15},"end":{"line":21,"column":62}},"15":{"start":{"line":22,"column":24},"end":{"line":22,"column":44}},"16":{"start":{"line":23,"column":23},"end":{"line":23,"column":42}},"17":{"start":{"line":25,"column":4},"end":{"line":25,"column":41}},"18":{"start":{"line":27,"column":4},"end":{"line":27,"column":43}},"19":{"start":{"line":29,"column":4},"end":{"line":29,"column":59}},"20":{"start":{"line":29,"column":47},"end":{"line":29,"column":59}},"21":{"start":{"line":31,"column":4},"end":{"line":35,"column":5}},"22":{"start":{"line":32,"column":26},"end":{"line":32,"column":55}},"23":{"start":{"line":33,"column":6},"end":{"line":33,"column":43}},"24":{"start":{"line":34,"column":6},"end":{"line":34,"column":60}},"25":{"start":{"line":37,"column":4},"end":{"line":40,"column":5}},"26":{"start":{"line":38,"column":26},"end":{"line":38,"column":56}},"27":{"start":{"line":39,"column":6},"end":{"line":39,"column":43}},"28":{"start":{"line":42,"column":24},"end":{"line":42,"column":62}},"29":{"start":{"line":43,"column":23},"end":{"line":43,"column":75}},"30":{"start":{"line":43,"column":45},"end":{"line":43,"column":74}},"31":{"start":{"line":44,"column":4},"end":{"line":46,"column":5}},"32":{"start":{"line":45,"column":6},"end":{"line":45,"column":60}},"33":{"start":{"line":47,"column":4},"end":{"line":49,"column":5}},"34":{"start":{"line":48,"column":6},"end":{"line":48,"column":73}},"35":{"start":{"line":50,"column":4},"end":{"line":50,"column":21}},"36":{"start":{"line":54,"column":0},"end":{"line":54,"column":30}}},"fnMap":{"0":{"name":"(anonymous_0)","decl":{"start":{"line":4,"column":2},"end":{"line":4,"column":3}},"loc":{"start":{"line":4,"column":21},"end":{"line":6,"column":3}},"line":4},"1":{"name":"(anonymous_1)","decl":{"start":{"line":7,"column":2},"end":{"line":7,"column":3}},"loc":{"start":{"line":7,"column":26},"end":{"line":10,"column":3}},"line":7},"2":{"name":"(anonymous_2)","decl":{"start":{"line":11,"column":2},"end":{"line":11,"column":3}},"loc":{"start":{"line":11,"column":24},"end":{"line":15,"column":3}},"line":11},"3":{"name":"(anonymous_3)","decl":{"start":{"line":16,"column":2},"end":{"line":16,"column":3}},"loc":{"start":{"line":16,"column":28},"end":{"line":19,"column":3}},"line":16},"4":{"name":"(anonymous_4)","decl":{"start":{"line":20,"column":2},"end":{"line":20,"column":3}},"loc":{"start":{"line":20,"column":44},"end":{"line":51,"column":3}},"line":20},"5":{"name":"(anonymous_5)","decl":{"start":{"line":43,"column":40},"end":{"line":43,"column":41}},"loc":{"start":{"line":43,"column":45},"end":{"line":43,"column":74}},"line":43}},"branchMap":{"0":{"loc":{"start":{"line":8,"column":4},"end":{"line":8,"column":60}},"type":"if","locations":[{"start":{"line":8,"column":4},"end":{"line":8,"column":60}},{"start":{"line":8,"column":4},"end":{"line":8,"column":60}}],"line":8},"1":{"loc":{"start":{"line":12,"column":4},"end":{"line":12,"column":67}},"type":"if","locations":[{"start":{"line":12,"column":4},"end":{"line":12,"column":67}},{"start":{"line":12,"column":4},"end":{"line":12,"column":67}}],"line":12},"2":{"loc":{"start":{"line":13,"column":19},"end":{"line":13,"column":65}},"type":"cond-expr","locations":[{"start":{"line":13,"column":27},"end":{"line":13,"column":53}},{"start":{"line":13,"column":56},"end":{"line":13,"column":65}}],"line":13},"3":{"loc":{"start":{"line":14,"column":11},"end":{"line":14,"column":88}},"type":"cond-expr","locations":[{"start":{"line":14,"column":31},"end":{"line":14,"column":76}},{"start":{"line":14,"column":79},"end":{"line":14,"column":88}}],"line":14},"4":{"loc":{"start":{"line":14,"column":12},"end":{"line":14,"column":27}},"type":"binary-expr","locations":[{"start":{"line":14,"column":12},"end":{"line":14,"column":17}},{"start":{"line":14,"column":21},"end":{"line":14,"column":27}}],"line":14},"5":{"loc":{"start":{"line":17,"column":4},"end":{"line":17,"column":49}},"type":"if","locations":[{"start":{"line":17,"column":4},"end":{"line":17,"column":49}},{"start":{"line":17,"column":4},"end":{"line":17,"column":49}}],"line":17},"6":{"loc":{"start":{"line":21,"column":4},"end":{"line":21,"column":62}},"type":"if","locations":[{"start":{"line":21,"column":4},"end":{"line":21,"column":62}},{"start":{"line":21,"column":4},"end":{"line":21,"column":62}}],"line":21},"7":{"loc":{"start":{"line":29,"column":4},"end":{"line":29,"column":59}},"type":"if","locations":[{"start":{"line":29,"column":4},"end":{"line":29,"column":59}},{"start":{"line":29,"column":4},"end":{"line":29,"column":59}}],"line":29},"8":{"loc":{"start":{"line":29,"column":8},"end":{"line":29,"column":45}},"type":"binary-expr","locations":[{"start":{"line":29,"column":8},"end":{"line":29,"column":25}},{"start":{"line":29,"column":29},"end":{"line":29,"column":45}}],"line":29},"9":{"loc":{"start":{"line":31,"column":4},"end":{"line":35,"column":5}},"type":"if","locations":[{"start":{"line":31,"column":4},"end":{"line":35,"column":5}},{"start":{"line":31,"column":4},"end":{"line":35,"column":5}}],"line":31},"10":{"loc":{"start":{"line":31,"column":8},"end":{"line":31,"column":44}},"type":"binary-expr","locations":[{"start":{"line":31,"column":8},"end":{"line":31,"column":22}},{"start":{"line":31,"column":26},"end":{"line":31,"column":44}}],"line":31},"11":{"loc":{"start":{"line":37,"column":4},"end":{"line":40,"column":5}},"type":"if","locations":[{"start":{"line":37,"column":4},"end":{"line":40,"column":5}},{"start":{"line":37,"column":4},"end":{"line":40,"column":5}}],"line":37},"12":{"loc":{"start":{"line":44,"column":4},"end":{"line":46,"column":5}},"type":"if","locations":[{"start":{"line":44,"column":4},"end":{"line":46,"column":5}},{"start":{"line":44,"column":4},"end":{"line":46,"column":5}}],"line":44},"13":{"loc":{"start":{"line":47,"column":4},"end":{"line":49,"column":5}},"type":"if","locations":[{"start":{"line":47,"column":4},"end":{"line":49,"column":5}},{"start":{"line":47,"column":4},"end":{"line":49,"column":5}}],"line":47}},"s":{"0":2,"1":2,"2":1,"3":0,"4":0,"5":0,"6":0,"7":0,"8":0,"9":0,"10":0,"11":0,"12":0,"13":0,"14":0,"15":0,"16":0,"17":0,"18":0,"19":0,"20":0,"21":0,"22":0,"23":0,"24":0,"25":0,"26":0,"27":0,"28":0,"29":0,"30":0,"31":0,"32":0,"33":0,"34":0,"35":0,"36":2},"f":{"0":1,"1":0,"2":0,"3":0,"4":0,"5":0},"b":{"0":[0,0],"1":[0,0],"2":[0,0],"3":[0,0],"4":[0,0],"5":[0,0],"6":[0,0],"7":[0,0],"8":[0,0],"9":[0,0],"10":[0,0],"11":[0,0],"12":[0,0],"13":[0,0]},"_coverageSchema":"1a1c01bbd47fc00a2c39e90264f33305004495a9","hash":"52c20936f00fc4b5732fc1271fa981c3fa1192f5"}
,"/Users/nicktaras/Documents/github/docker-puppeteer/src/webMetaScraper.js": {"path":"/Users/nicktaras/Documents/github/docker-puppeteer/src/webMetaScraper.js","statementMap":{"0":{"start":{"line":1,"column":18},"end":{"line":1,"column":38}},"1":{"start":{"line":2,"column":17},"end":{"line":2,"column":43}},"2":{"start":{"line":3,"column":17},"end":{"line":3,"column":43}},"3":{"start":{"line":4,"column":21},"end":{"line":4,"column":49}},"4":{"start":{"line":6,"column":12},"end":{"line":59,"column":1}},"5":{"start":{"line":7,"column":2},"end":{"line":58,"column":4}},"6":{"start":{"line":8,"column":4},"end":{"line":57,"column":5}},"7":{"start":{"line":9,"column":22},"end":{"line":9,"column":46}},"8":{"start":{"line":10,"column":19},"end":{"line":10,"column":42}},"9":{"start":{"line":11,"column":6},"end":{"line":11,"column":27}},"10":{"start":{"line":18,"column":17},"end":{"line":52,"column":32}},"11":{"start":{"line":19,"column":21},"end":{"line":23,"column":9}},"12":{"start":{"line":25,"column":8},"end":{"line":25,"column":66}},"13":{"start":{"line":27,"column":19},"end":{"line":27,"column":52}},"14":{"start":{"line":28,"column":8},"end":{"line":38,"column":10}},"15":{"start":{"line":29,"column":27},"end":{"line":29,"column":52}},"16":{"start":{"line":30,"column":30},"end":{"line":30,"column":78}},"17":{"start":{"line":31,"column":34},"end":{"line":31,"column":86}},"18":{"start":{"line":32,"column":10},"end":{"line":32,"column":71}},"19":{"start":{"line":32,"column":27},"end":{"line":32,"column":71}},"20":{"start":{"line":33,"column":10},"end":{"line":33,"column":79}},"21":{"start":{"line":33,"column":31},"end":{"line":33,"column":79}},"22":{"start":{"line":34,"column":10},"end":{"line":37,"column":11}},"23":{"start":{"line":35,"column":12},"end":{"line":35,"column":62}},"24":{"start":{"line":36,"column":12},"end":{"line":36,"column":75}},"25":{"start":{"line":40,"column":19},"end":{"line":40,"column":52}},"26":{"start":{"line":41,"column":8},"end":{"line":50,"column":10}},"27":{"start":{"line":42,"column":34},"end":{"line":42,"column":80}},"28":{"start":{"line":43,"column":10},"end":{"line":49,"column":11}},"29":{"start":{"line":44,"column":28},"end":{"line":44,"column":52}},"30":{"start":{"line":45,"column":12},"end":{"line":45,"column":38}},"31":{"start":{"line":46,"column":12},"end":{"line":48,"column":14}},"32":{"start":{"line":47,"column":14},"end":{"line":47,"column":73}},"33":{"start":{"line":51,"column":8},"end":{"line":51,"column":22}},"34":{"start":{"line":53,"column":6},"end":{"line":53,"column":22}},"35":{"start":{"line":54,"column":6},"end":{"line":54,"column":27}},"36":{"start":{"line":56,"column":6},"end":{"line":56,"column":23}},"37":{"start":{"line":66,"column":0},"end":{"line":108,"column":2}},"38":{"start":{"line":67,"column":20},"end":{"line":67,"column":32}},"39":{"start":{"line":68,"column":15},"end":{"line":68,"column":29}},"40":{"start":{"line":69,"column":19},"end":{"line":69,"column":37}},"41":{"start":{"line":70,"column":2},"end":{"line":107,"column":3}},"42":{"start":{"line":71,"column":19},"end":{"line":71,"column":37}},"43":{"start":{"line":72,"column":17},"end":{"line":72,"column":23}},"44":{"start":{"line":73,"column":24},"end":{"line":73,"column":76}},"45":{"start":{"line":77,"column":4},"end":{"line":86,"column":5}},"46":{"start":{"line":78,"column":6},"end":{"line":85,"column":7}},"47":{"start":{"line":79,"column":8},"end":{"line":83,"column":10}},"48":{"start":{"line":84,"column":8},"end":{"line":84,"column":54}},"49":{"start":{"line":87,"column":4},"end":{"line":103,"column":5}},"50":{"start":{"line":88,"column":6},"end":{"line":90,"column":7}},"51":{"start":{"line":89,"column":8},"end":{"line":89,"column":55}},"52":{"start":{"line":91,"column":6},"end":{"line":93,"column":7}},"53":{"start":{"line":92,"column":8},"end":{"line":92,"column":49}},"54":{"start":{"line":94,"column":6},"end":{"line":96,"column":7}},"55":{"start":{"line":95,"column":8},"end":{"line":95,"column":51}},"56":{"start":{"line":97,"column":6},"end":{"line":99,"column":7}},"57":{"start":{"line":98,"column":8},"end":{"line":98,"column":52}},"58":{"start":{"line":100,"column":6},"end":{"line":102,"column":7}},"59":{"start":{"line":101,"column":8},"end":{"line":101,"column":49}},"60":{"start":{"line":104,"column":4},"end":{"line":104,"column":18}},"61":{"start":{"line":106,"column":4},"end":{"line":106,"column":16}}},"fnMap":{"0":{"name":"(anonymous_0)","decl":{"start":{"line":6,"column":12},"end":{"line":6,"column":13}},"loc":{"start":{"line":6,"column":25},"end":{"line":59,"column":1}},"line":6},"1":{"name":"(anonymous_1)","decl":{"start":{"line":7,"column":21},"end":{"line":7,"column":22}},"loc":{"start":{"line":7,"column":48},"end":{"line":58,"column":3}},"line":7},"2":{"name":"(anonymous_2)","decl":{"start":{"line":18,"column":37},"end":{"line":18,"column":38}},"loc":{"start":{"line":18,"column":65},"end":{"line":52,"column":7}},"line":18},"3":{"name":"(anonymous_3)","decl":{"start":{"line":28,"column":21},"end":{"line":28,"column":22}},"loc":{"start":{"line":28,"column":31},"end":{"line":38,"column":9}},"line":28},"4":{"name":"(anonymous_4)","decl":{"start":{"line":41,"column":21},"end":{"line":41,"column":22}},"loc":{"start":{"line":41,"column":31},"end":{"line":50,"column":9}},"line":41},"5":{"name":"(anonymous_5)","decl":{"start":{"line":46,"column":52},"end":{"line":46,"column":53}},"loc":{"start":{"line":46,"column":65},"end":{"line":48,"column":13}},"line":46},"6":{"name":"(anonymous_6)","decl":{"start":{"line":66,"column":17},"end":{"line":66,"column":18}},"loc":{"start":{"line":66,"column":36},"end":{"line":108,"column":1}},"line":66}},"branchMap":{"0":{"loc":{"start":{"line":32,"column":10},"end":{"line":32,"column":71}},"type":"if","locations":[{"start":{"line":32,"column":10},"end":{"line":32,"column":71}},{"start":{"line":32,"column":10},"end":{"line":32,"column":71}}],"line":32},"1":{"loc":{"start":{"line":33,"column":10},"end":{"line":33,"column":79}},"type":"if","locations":[{"start":{"line":33,"column":10},"end":{"line":33,"column":79}},{"start":{"line":33,"column":10},"end":{"line":33,"column":79}}],"line":33},"2":{"loc":{"start":{"line":34,"column":10},"end":{"line":37,"column":11}},"type":"if","locations":[{"start":{"line":34,"column":10},"end":{"line":37,"column":11}},{"start":{"line":34,"column":10},"end":{"line":37,"column":11}}],"line":34},"3":{"loc":{"start":{"line":34,"column":14},"end":{"line":34,"column":44}},"type":"binary-expr","locations":[{"start":{"line":34,"column":14},"end":{"line":34,"column":29}},{"start":{"line":34,"column":33},"end":{"line":34,"column":44}}],"line":34},"4":{"loc":{"start":{"line":43,"column":10},"end":{"line":49,"column":11}},"type":"if","locations":[{"start":{"line":43,"column":10},"end":{"line":49,"column":11}},{"start":{"line":43,"column":10},"end":{"line":49,"column":11}}],"line":43},"5":{"loc":{"start":{"line":73,"column":24},"end":{"line":73,"column":76}},"type":"cond-expr","locations":[{"start":{"line":73,"column":60},"end":{"line":73,"column":66}},{"start":{"line":73,"column":69},"end":{"line":73,"column":76}}],"line":73},"6":{"loc":{"start":{"line":78,"column":6},"end":{"line":85,"column":7}},"type":"if","locations":[{"start":{"line":78,"column":6},"end":{"line":85,"column":7}},{"start":{"line":78,"column":6},"end":{"line":85,"column":7}}],"line":78},"7":{"loc":{"start":{"line":88,"column":6},"end":{"line":90,"column":7}},"type":"if","locations":[{"start":{"line":88,"column":6},"end":{"line":90,"column":7}},{"start":{"line":88,"column":6},"end":{"line":90,"column":7}}],"line":88},"8":{"loc":{"start":{"line":91,"column":6},"end":{"line":93,"column":7}},"type":"if","locations":[{"start":{"line":91,"column":6},"end":{"line":93,"column":7}},{"start":{"line":91,"column":6},"end":{"line":93,"column":7}}],"line":91},"9":{"loc":{"start":{"line":94,"column":6},"end":{"line":96,"column":7}},"type":"if","locations":[{"start":{"line":94,"column":6},"end":{"line":96,"column":7}},{"start":{"line":94,"column":6},"end":{"line":96,"column":7}}],"line":94},"10":{"loc":{"start":{"line":97,"column":6},"end":{"line":99,"column":7}},"type":"if","locations":[{"start":{"line":97,"column":6},"end":{"line":99,"column":7}},{"start":{"line":97,"column":6},"end":{"line":99,"column":7}}],"line":97},"11":{"loc":{"start":{"line":100,"column":6},"end":{"line":102,"column":7}},"type":"if","locations":[{"start":{"line":100,"column":6},"end":{"line":102,"column":7}},{"start":{"line":100,"column":6},"end":{"line":102,"column":7}}],"line":100}},"s":{"0":1,"1":1,"2":1,"3":1,"4":1,"5":1,"6":1,"7":1,"8":1,"9":1,"10":0,"11":0,"12":0,"13":0,"14":0,"15":0,"16":0,"17":0,"18":0,"19":0,"20":0,"21":0,"22":0,"23":0,"24":0,"25":0,"26":0,"27":0,"28":0,"29":0,"30":0,"31":0,"32":0,"33":0,"34":0,"35":0,"36":0,"37":1,"38":1,"39":1,"40":1,"41":1,"42":1,"43":0,"44":0,"45":0,"46":0,"47":0,"48":0,"49":0,"50":0,"51":0,"52":0,"53":0,"54":0,"55":0,"56":0,"57":0,"58":0,"59":0,"60":0,"61":0},"f":{"0":1,"1":1,"2":0,"3":0,"4":0,"5":0,"6":1},"b":{"0":[0,0],"1":[0,0],"2":[0,0],"3":[0,0],"4":[0,0],"5":[0,0],"6":[0,0],"7":[0,0],"8":[0,0],"9":[0,0],"10":[0,0],"11":[0,0]},"_coverageSchema":"1a1c01bbd47fc00a2c39e90264f33305004495a9","hash":"131e6f5840847de6c673942aff04b5138af2c45b"}
}
